<testsuite failures="0" name="DemoKarate/feature/UserDetailsPost.feature" skipped="0" tests="1" time="5.594232">
  <testcase classname="DemoKarate.feature.UserDetailsPost" name="Post UserDetails to fetch ID's" time="5.594232">
    <system-out>* def requestpayload = read('../utils/Userdetails.json') .................. passed
* header Content-Type = 'application/json' ................................ passed
Given url 'https://reqres.in/api/users' ................................... passed
And request requestpayload ................................................ passed
And param delay = 5 ....................................................... passed
When method post .......................................................... passed
Then status 201 ........................................................... passed
Then print 'Response ID', response ........................................ passed</system-out>
  </testcase>
</testsuite>
