<testsuite failures="0" name="DemoKarate/feature/UserDetails.feature" skipped="0" tests="2" time="1.76741">
  <testcase classname="DemoKarate.feature.UserDetails" name="Get the userdetails of id 2" time="0.887825">
    <system-out>* url 'https://reqres.in' ................................................. passed
* header Accept = 'application/json' ...................................... passed
* def response_expected = read('../utils/result2.json') ................... passed
Given path '/api/users/2' ................................................. passed
When method GET ........................................................... passed
Then status 200 ........................................................... passed
Then print 'Users from the GET API', response_expected[0] ................. passed
And match response == response_expected[0] ................................ passed
And match response.data.first_name == 'Janet' ............................. passed
And match response.data.last_name != null ................................. passed
* def designation = response.data.designation ............................. passed
And match designation == null ............................................. passed</system-out>
  </testcase>
  <testcase classname="DemoKarate.feature.UserDetails" name="Get the userdetails of id 4" time="0.879585">
    <system-out>* url 'https://reqres.in' ................................................. passed
* header Accept = 'application/json' ...................................... passed
* def response_expected = read('../utils/result2.json') ................... passed
Given path '/api/users/2' ................................................. passed
When method GET ........................................................... passed
Then status 200 ........................................................... passed
Then print 'Users from the GET API', response_expected[0] ................. passed
And match response == response_expected[0] ................................ passed
And match response.data.first_name == 'Janet' ............................. passed
And match response.data.last_name != null ................................. passed
* def designation = response.data.designation ............................. passed
And match designation == null ............................................. passed
* url 'https://reqres.in' ................................................. passed
* header Accept = 'application/json' ...................................... passed
* def response_expected = read('../utils/result2.json') ................... passed
Given path '/api/users/4' ................................................. passed
When method GET ........................................................... passed
Then status 200 ........................................................... passed
Then print 'Userdetails id 4 is', response_expected[2] .................... passed
And match response == response_expected[2] ................................ passed
And match response.data.first_name == 'Eve' ............................... passed</system-out>
  </testcase>
</testsuite>
