<testsuite failures="0" name="DemoKarate/feature/DataDrivenWriteFile.feature" skipped="0" tests="1" time="2.214205">
  <testcase classname="DemoKarate.feature.DataDrivenWriteFile" name="Export API response to txt file" time="2.214205">
    <system-out>* url 'https://reqres.in' ................................................. passed
Given path '/api/users' ................................................... passed
And param page = '2' ...................................................... passed
When method GET ........................................................... passed
Then status 200 ........................................................... passed
* def data = response.data ................................................ passed
Then print 'List of UserDetails', data .................................... passed
* def callFunction = ...................................................... passed
* def userDetails = call callFunction data ................................ passed
* def javaDemo = Java.type('DemoKarate.feature.writeDataToFile') .......... passed
* def result = javaDemo.writeData(userDetails) ............................ passed</system-out>
  </testcase>
</testsuite>
