<testsuite failures="0" name="DemoKarate/feature/DataDrivenTesting.feature" skipped="0" tests="4" time="3.73172">
  <testcase classname="DemoKarate.feature.DataDrivenTesting" name="Create UserDetails" time="2.212182">
    <system-out>* url 'https://reqres.in/' ................................................ passed
Given path 'api/users' .................................................... passed
* request {"name":Yogesh,"salary":1000000,"age":33} ....................... passed
When method POST .......................................................... passed
Then status 201 ........................................................... passed
Then print 'print UserDetails',response ................................... passed
* def userDetailsID = response ............................................ passed</system-out>
  </testcase>
  <testcase classname="DemoKarate.feature.DataDrivenTesting" name="Create UserDetails" time="0.568669">
    <system-out>* url 'https://reqres.in/' ................................................ passed
Given path 'api/users' .................................................... passed
* request {"name":Yogesh,"salary":1000000,"age":33} ....................... passed
When method POST .......................................................... passed
Then status 201 ........................................................... passed
Then print 'print UserDetails',response ................................... passed
* def userDetailsID = response ............................................ passed
* url 'https://reqres.in/' ................................................ passed
Given path 'api/users' .................................................... passed
* request {"name":Raj,"salary":200000,"age":29} ........................... passed
When method POST .......................................................... passed
Then status 201 ........................................................... passed
Then print 'print UserDetails',response ................................... passed
* def userDetailsID = response ............................................ passed</system-out>
  </testcase>
  <testcase classname="DemoKarate.feature.DataDrivenTesting" name="Create UserDetails" time="0.49774">
    <system-out>* url 'https://reqres.in/' ................................................ passed
Given path 'api/users' .................................................... passed
* request {"name":Yogesh,"salary":1000000,"age":33} ....................... passed
When method POST .......................................................... passed
Then status 201 ........................................................... passed
Then print 'print UserDetails',response ................................... passed
* def userDetailsID = response ............................................ passed
* url 'https://reqres.in/' ................................................ passed
Given path 'api/users' .................................................... passed
* request {"name":Raj,"salary":200000,"age":29} ........................... passed
When method POST .......................................................... passed
Then status 201 ........................................................... passed
Then print 'print UserDetails',response ................................... passed
* def userDetailsID = response ............................................ passed
* url 'https://reqres.in/' ................................................ passed
Given path 'api/users' .................................................... passed
* request {"name":john,"salary":239900,"age":32} .......................... passed
When method POST .......................................................... passed
Then status 201 ........................................................... passed
Then print 'print UserDetails',response ................................... passed
* def userDetailsID = response ............................................ passed</system-out>
  </testcase>
  <testcase classname="DemoKarate.feature.DataDrivenTesting" name="Create UserDetails" time="0.453129">
    <system-out>* url 'https://reqres.in/' ................................................ passed
Given path 'api/users' .................................................... passed
* request {"name":Yogesh,"salary":1000000,"age":33} ....................... passed
When method POST .......................................................... passed
Then status 201 ........................................................... passed
Then print 'print UserDetails',response ................................... passed
* def userDetailsID = response ............................................ passed
* url 'https://reqres.in/' ................................................ passed
Given path 'api/users' .................................................... passed
* request {"name":Raj,"salary":200000,"age":29} ........................... passed
When method POST .......................................................... passed
Then status 201 ........................................................... passed
Then print 'print UserDetails',response ................................... passed
* def userDetailsID = response ............................................ passed
* url 'https://reqres.in/' ................................................ passed
Given path 'api/users' .................................................... passed
* request {"name":john,"salary":239900,"age":32} .......................... passed
When method POST .......................................................... passed
Then status 201 ........................................................... passed
Then print 'print UserDetails',response ................................... passed
* def userDetailsID = response ............................................ passed
* url 'https://reqres.in/' ................................................ passed
Given path 'api/users' .................................................... passed
* request {"name":sam,"salary":33000,"age":25} ............................ passed
When method POST .......................................................... passed
Then status 201 ........................................................... passed
Then print 'print UserDetails',response ................................... passed
* def userDetailsID = response ............................................ passed</system-out>
  </testcase>
</testsuite>
