<testsuite failures="0" name="DemoKarate/feature/UserDetails2.feature" skipped="0" tests="1" time="1.008416">
  <testcase classname="DemoKarate.feature.UserDetails2" name="Get the userdetails of id 3" time="1.008416">
    <system-out>* header Accept = 'application/json' ...................................... passed
* def response_expected = read('../utils/result2.json') ................... passed
* def feature = read('UserDetails.feature@smoke') ......................... passed
* def finalresult = call feature .......................................... passed
Given url sourceurl ....................................................... passed
When method GET ........................................................... passed
Then status 200 ........................................................... passed
And match response == response_expected[1] ................................ passed
Then print 'From different featurefile result',response ................... passed
* def firstname = finalresult.response.data.first_name .................... passed
Then print 'Firstname Userdetails id 2 is',firstname ...................... passed</system-out>
  </testcase>
</testsuite>
