<testsuite failures="1" name="DemoKarate/feature/dbConnection.feature" skipped="0" tests="1" time="43.434408">
  <testcase classname="DemoKarate.feature.dbConnection" name="1" time="43.434408">
    <failure message="dbConnection.feature:11 - javascript evaluation failed: db.readRows(&quot;select * from B_EMP&quot;), Failed to obtain JDBC Connection; nested exception is java.sql.SQLRecoverableException: IO Error: The Network Adapter could not establish the connection">* def config = { username: 'dw_user', password: 'Welcome1!', url: 'jdbc:oracle:thin:@10.188.193.183:1521:INFADB', driverClassName: 'oracle.jdbc.driver.OracleDriver' } . passed
* def DbUtils = Java.type('DemoKarate.feature.DbUtils') ................... passed
* def db = new DbUtils(config) ............................................ passed
* def employees = db.readRows("select * from B_EMP") ...................... failed

Stack Trace:
com.intuit.karate.exception.KarateException: dbConnection.feature:11 - javascript evaluation failed: db.readRows("select * from B_EMP"), Failed to obtain JDBC Connection; nested exception is java.sql.SQLRecoverableException: IO Error: The Network Adapter could not establish the connection&#13;
	at ✽.* def employees = db.readRows("select * from B_EMP") (dbConnection.feature:11)&#13;

* print 'DB employees list', employees .................................... skipped
* match employees[*].ENAME contains 'STARC' ............................... skipped</failure>
  </testcase>
</testsuite>
