<testsuite failures="0" name="DemoKarate/feature/dbConnection.feature" skipped="0" tests="1" time="1.411808">
  <testcase classname="DemoKarate.feature.dbConnection" name="1" time="1.411808">
    <system-out>* def config = { username: 'dw_user', password: 'Welcome1!', url: 'jdbc:oracle:thin:@10.188.193.183:1521:INFADB', driverClassName: 'oracle.jdbc.driver.OracleDriver' } . passed
* def DbUtils = Java.type('DemoKarate.feature.DbUtils') ................... passed
* def db = new DbUtils(config) ............................................ passed
* def employees = db.readRows("select * from B_EMP") ...................... passed
* print 'DB employees list', employees .................................... passed
* match employees[*].ENAME contains 'STARC' ............................... passed</system-out>
  </testcase>
</testsuite>
